<?xml version="1.0" encoding="UTF-8"?>
<!-- Generated by org.testng.reporters.JUnitXMLReporter -->
<testsuite ignored="0" hostname="LOVE" failures="0" tests="2" name="Costs" time="7.759" errors="0" timestamp="2022-03-31T07:51:54 IST">
  <testcase classname="INT.E2EProject.CostsTest" name="@BeforeClass setUp" time="7.735">
    <failure type="java.lang.NoClassDefFoundError" message="pageObejcts/Costs">
      <![CDATA[java.lang.NoClassDefFoundError: pageObejcts/Costs
at INT.E2EProject.CostsTest.setUp(CostsTest.java:40)
at java.base/java.util.ArrayList.forEach(ArrayList.java:1511)
Caused by: java.lang.ClassNotFoundException: pageObejcts.Costs
at java.base/jdk.internal.loader.BuiltinClassLoader.loadClass(BuiltinClassLoader.java:641)
at java.base/jdk.internal.loader.ClassLoaders$AppClassLoader.loadClass(ClassLoaders.java:188)
at java.base/java.lang.ClassLoader.loadClass(ClassLoader.java:520)
... 27 more
... Removed 25 stack frames]]>
    </failure>
  </testcase> <!-- @BeforeClass setUp -->
  <testcase classname="INT.E2EProject.CostsTest" name="@AfterTest DriverQuit" time="0.0">
    <skipped/>
  </testcase> <!-- @AfterTest DriverQuit -->
  <testcase classname="INT.E2EProject.CostsTest" name="SignIn" time="0.001">
    <skipped/>
  </testcase> <!-- SignIn -->
  <testcase classname="INT.E2EProject.CostsTest" name="create" time="0.0">
    <skipped/>
  </testcase> <!-- create -->
</testsuite> <!-- Costs -->
